{"message":"   Сaptured uncaught exception: cb is not a function","level":"error"}
{"message":"   Unhandled rejection detected: document must have an _id before saving","level":"error"}
{"message":"   Unhandled rejection detected: document must have an _id before saving","level":"error"}
{"message":"   Unhandled rejection detected: user is not allowed to do action [dropDatabase] on [rest.]","level":"error"}
{"message":"   Unhandled rejection detected: document must have an _id before saving","level":"error"}
{"message":"   Unhandled rejection detected: document must have an _id before saving","level":"error"}
{"message":"   Unhandled rejection detected: user is not allowed to do action [dropDatabase] on [rest.]","level":"error"}
{"message":"   Сaptured uncaught exception: cb is not a function","level":"error"}
{"message":"   Сaptured uncaught exception: cb is not a function","level":"error"}
{"message":"   Unhandled rejection detected: document must have an _id before saving","level":"error"}
{"message":"   Unhandled rejection detected: document must have an _id before saving","level":"error"}
{"message":"   Unhandled rejection detected: document must have an _id before saving","level":"error"}
{"message":"   Unhandled rejection detected: document must have an _id before saving","level":"error"}
{"message":"   Unhandled rejection detected: user is not allowed to do action [dropDatabase] on [rest.]","level":"error"}
{"message":"   undefined: Not implemented exception","level":"error"}
{"message":"   undefined: Not implemented exception","level":"error"}
{"message":"   undefined: Not implemented exception","level":"error"}
{"message":"   undefined: Not implemented exception","level":"error"}
{"message":"   400: User id undefined is not valid","level":"error"}
{"message":"   undefined: Not implemented exception","level":"error"}
{"message":"   400: User id undefined is not valid","level":"error"}
{"message":"   undefined: Not implemented exception","level":"error"}
{"message":"   404: Task with id 04bed028-b0fd-4211-9790-46e19adfb38b and boardId 96eb3934-86bc-4315-a4c7-35a7c757a3d4 is not found","level":"error"}
{"message":"   404: Board with id '96eb3934-86bc-4315-a4c7-35a7c757a3d4' not found","level":"error"}
{"message":"   404: Board with id '96eb3934-86bc-4315-a4c7-35a7c757a3d4' not found","level":"error"}
{"message":"   404: Task with id 2351a96d-0a14-4b30-b9b6-d8ab5d429483 and boardId c053905d-4922-4afa-82ef-6d90a71a3919 is not found","level":"error"}
{"message":"   404: Task with id c4e0784b-b123-498e-b1b2-ec86948aefd2 and boardId c053905d-4922-4afa-82ef-6d90a71a3919 is not found","level":"error"}
{"message":"   404: Task with id af131cd3-9d3e-4c1b-b89c-c3326741576d and boardId c053905d-4922-4afa-82ef-6d90a71a3919 is not found","level":"error"}
{"message":"   404: Task with id ee362ac7-87c7-4eb3-9a56-6562568dd5cd and boardId c053905d-4922-4afa-82ef-6d90a71a3919 is not found","level":"error"}
{"message":"   404: Task with id 8999873f-3f53-438a-b356-143d8a5f7e1a and boardId c053905d-4922-4afa-82ef-6d90a71a3919 is not found","level":"error"}
{"message":"   Unhandled rejection detected: E11000 duplicate key error collection: rest.users index: _id_ dup key: { _id: \"f6a7df3e-9d8d-4799-862d-f5f347a4eb2d\" }","level":"error"}
{"message":"   undefined: Not implemented exception","level":"error"}
{"message":"   404: Task with id 67177ae1-e837-4981-8fa1-def526ff13ea and boardId 7e990c7d-3880-404e-bc18-41f041cdd9fd is not found","level":"error"}
{"message":"   404: Board with id '7e990c7d-3880-404e-bc18-41f041cdd9fd' not found","level":"error"}
{"message":"   404: Board with id '7e990c7d-3880-404e-bc18-41f041cdd9fd' not found","level":"error"}
{"message":"   404: Task with id b1a43d1c-fc07-43d4-8d12-0c1d5eae473b and boardId 0b444465-6a48-4837-88a4-a5dda877c3d6 is not found","level":"error"}
{"message":"   404: Task with id 194361e8-ae4a-44ec-aa65-22f959e74b9f and boardId 0b444465-6a48-4837-88a4-a5dda877c3d6 is not found","level":"error"}
{"message":"   404: Task with id 4098f831-d9ee-4bdd-ab43-c06973ae722c and boardId 0b444465-6a48-4837-88a4-a5dda877c3d6 is not found","level":"error"}
{"message":"   404: Task with id 561e0df4-dc02-4774-82c1-c800505e2466 and boardId 0b444465-6a48-4837-88a4-a5dda877c3d6 is not found","level":"error"}
{"message":"   404: Task with id c1191089-4229-437b-aaea-4036909f5ab5 and boardId 0b444465-6a48-4837-88a4-a5dda877c3d6 is not found","level":"error"}
{"message":"   undefined: Not implemented exception","level":"error"}
{"message":"   undefined: Not implemented exception","level":"error"}
{"message":"   undefined: Not implemented exception","level":"error"}
{"message":"   undefined: Not implemented exception","level":"error"}
{"message":"   undefined: Not implemented exception","level":"error"}
{"message":"   Сaptured uncaught exception: listen EADDRINUSE: address already in use :::4000","level":"error"}
{"message":"   404: Task with id 24935d51-26f8-42ee-8d13-7ed46ff26a66 and boardId 69f3fbf4-ac94-4a19-ac73-ce82b72c4680 is not found","level":"error"}
{"message":"   404: Board with id '69f3fbf4-ac94-4a19-ac73-ce82b72c4680' not found","level":"error"}
{"message":"   404: Board with id '69f3fbf4-ac94-4a19-ac73-ce82b72c4680' not found","level":"error"}
{"message":"   404: Task with id ab9465c9-b6c1-414c-8185-0a471da14d1d and boardId 9cfde8f1-14f4-45b1-ab09-f66b9870bba9 is not found","level":"error"}
{"message":"   404: Task with id cdbbbbc1-ff20-4636-9e3b-0586ccaadbc5 and boardId 9cfde8f1-14f4-45b1-ab09-f66b9870bba9 is not found","level":"error"}
{"message":"   404: Task with id c3f16272-de5f-4299-8165-f5a10ad12763 and boardId 9cfde8f1-14f4-45b1-ab09-f66b9870bba9 is not found","level":"error"}
{"message":"   404: Task with id 3f8c4bc4-f77b-406e-9ebf-9f9e6ce6bf28 and boardId 9cfde8f1-14f4-45b1-ab09-f66b9870bba9 is not found","level":"error"}
{"message":"   404: Task with id 66bfca90-e2fb-4c66-ba02-38563e2cc4ed and boardId 9cfde8f1-14f4-45b1-ab09-f66b9870bba9 is not found","level":"error"}
{"message":"   undefined: Not implemented exception","level":"error"}
{"message":"   undefined: Not implemented exception","level":"error"}
{"message":"   undefined: Not implemented exception","level":"error"}
{"message":"   404: Task with id 014a5ef7-af1f-495e-9a3b-bf0939909559 and boardId 7e42462b-b5c0-43da-b632-3a0b89b70669 is not found","level":"error"}
{"message":"   404: Board with id 'd3d31b42-32cc-4cf5-a6f9-848980a1c1b0' not found","level":"error"}
{"message":"   404: Task with id 46339d1e-34a0-48a5-be37-482a8609020a and boardId 20e0baeb-49a4-4b0c-b201-bd79dc62613b is not found","level":"error"}
{"message":"   404: Task with id 413c2b15-27c8-4f40-b450-9a5bcc5d4b1a and boardId 20e0baeb-49a4-4b0c-b201-bd79dc62613b is not found","level":"error"}
{"message":"   404: Task with id 286f4c97-5f90-4ab1-b691-880d18456443 and boardId 20e0baeb-49a4-4b0c-b201-bd79dc62613b is not found","level":"error"}
{"message":"   404: Task with id 0dba5de4-e73f-44db-8058-599d60b0c939 and boardId 20e0baeb-49a4-4b0c-b201-bd79dc62613b is not found","level":"error"}
{"message":"   404: Task with id 7e9c840a-5d8c-4794-be45-4c2acc0bb68b and boardId 20e0baeb-49a4-4b0c-b201-bd79dc62613b is not found","level":"error"}
{"message":"   undefined: Not implemented exception","level":"error"}
{"message":"   undefined: Not implemented exception","level":"error"}
{"message":"   undefined: Not implemented exception","level":"error"}
{"message":"   undefined: Not implemented exception","level":"error"}
{"message":"   404: Task with id 49ab60cc-14f1-493f-9543-6e43167cd97b and boardId 035d3757-c03d-4414-9b48-775975bf938a is not found","level":"error"}
{"message":"   404: Board with id '035d3757-c03d-4414-9b48-775975bf938a' not found","level":"error"}
{"message":"   404: Task with id 0d66a14e-d0c7-41dd-90f6-85d84118b2f9 and boardId f2acd0bb-5c2e-4a02-9189-461266a603c4 is not found","level":"error"}
{"message":"   404: Task with id 7a0f35b3-a745-451d-9632-603a1ecd14d7 and boardId f2acd0bb-5c2e-4a02-9189-461266a603c4 is not found","level":"error"}
{"message":"   404: Task with id a39161ec-1da1-45f2-9d8e-20b97c7336de and boardId f2acd0bb-5c2e-4a02-9189-461266a603c4 is not found","level":"error"}
{"message":"   404: Task with id 9b98cc0e-51d0-4150-bbdc-4dc2cfad5793 and boardId f2acd0bb-5c2e-4a02-9189-461266a603c4 is not found","level":"error"}
{"message":"   404: Task with id 92204d10-586b-4120-a3b8-2796bf9a09f1 and boardId f2acd0bb-5c2e-4a02-9189-461266a603c4 is not found","level":"error"}
{"message":"   undefined: Not implemented exception","level":"error"}
{"message":"   undefined: Not implemented exception","level":"error"}
{"message":"   undefined: Not implemented exception","level":"error"}
{"message":"   undefined: Not implemented exception","level":"error"}
{"message":"   404: Board with id 'c43a746b-4b04-41f9-bf7c-a714e7660247' not found","level":"error"}
{"message":"   404: Task with id 4470af7a-56bf-4c08-b482-3da1c48b4683 and boardId 78503210-2d8c-4d23-83d2-50c78c7cc802 is not found","level":"error"}
{"message":"   404: Task with id 833ceb71-b904-4b05-b5e8-d536da6ae6cb and boardId 78503210-2d8c-4d23-83d2-50c78c7cc802 is not found","level":"error"}
{"message":"   404: Task with id 50a4fdfc-3258-450f-a37c-04cae8fde322 and boardId 78503210-2d8c-4d23-83d2-50c78c7cc802 is not found","level":"error"}
{"message":"   404: Task with id 993f9bf2-a9c0-4830-8235-7cd218c38a4b and boardId 78503210-2d8c-4d23-83d2-50c78c7cc802 is not found","level":"error"}
{"message":"   404: Task with id aa56872c-779e-411c-a5f7-9b66b7899885 and boardId 78503210-2d8c-4d23-83d2-50c78c7cc802 is not found","level":"error"}
{"message":"   404: Task with id 40462900-bd26-4064-b50b-5045f425b452 and boardId fdb17ea9-aae0-4be5-b6c1-58e79424377a is not found","level":"error"}
{"message":"   undefined: Not implemented exception","level":"error"}
{"message":"   undefined: Not implemented exception","level":"error"}
{"message":"   404: User with id '3decab32-81d2-423d-b190-fe0922cc38f9' not found","level":"error"}
{"message":"   undefined: Not implemented exception","level":"error"}
{"message":"   404: Task with id b486b012-e0a5-4dfc-837d-879696b90227 and boardId 0e049ab0-73a5-40f8-b7ee-b790b178dfec is not found","level":"error"}
{"message":"   404: Board with id '0e049ab0-73a5-40f8-b7ee-b790b178dfec' not found","level":"error"}
{"message":"   404: Board with id '0e049ab0-73a5-40f8-b7ee-b790b178dfec' not found","level":"error"}
{"message":"   404: Task with id b0d23662-8095-4282-a081-b4337457be1f and boardId 9f98192c-88a0-498a-abc7-ede6f8d21c62 is not found","level":"error"}
{"message":"   404: Task with id 86192a81-2f61-47bd-a60b-5b02622e8357 and boardId 9f98192c-88a0-498a-abc7-ede6f8d21c62 is not found","level":"error"}
{"message":"   404: Task with id 717a3d64-9b07-4af9-8a41-93f310b7d5d0 and boardId 9f98192c-88a0-498a-abc7-ede6f8d21c62 is not found","level":"error"}
{"message":"   404: Task with id 8a407f06-8c72-448c-a64a-186d8c5e6e1d and boardId 9f98192c-88a0-498a-abc7-ede6f8d21c62 is not found","level":"error"}
{"message":"   404: Task with id dae957da-5ddd-4374-a163-ae75fc4ef8b9 and boardId 9f98192c-88a0-498a-abc7-ede6f8d21c62 is not found","level":"error"}
{"message":"   404: User with id 'c6382cbb-2dcb-41c5-adf2-1710a51f2a03' not found","level":"error"}
{"message":"   404: Task with id 6461194e-0bb6-4e86-afff-a1911a43472f and boardId 6547b415-acdb-4e8d-a287-aeb0d69e3895 is not found","level":"error"}
{"message":"   404: Board with id '6547b415-acdb-4e8d-a287-aeb0d69e3895' not found","level":"error"}
{"message":"   404: Board with id '6547b415-acdb-4e8d-a287-aeb0d69e3895' not found","level":"error"}
{"message":"   404: Task with id bbfec3af-c62d-4c9f-8e0f-c6d4c58f3ef6 and boardId 4c6711df-c817-452d-a482-246e825dd132 is not found","level":"error"}
{"message":"   404: Task with id 50965dc0-5ec5-42d0-8615-48266f6b4844 and boardId 4c6711df-c817-452d-a482-246e825dd132 is not found","level":"error"}
{"message":"   404: Task with id 3ba9fc20-2c97-407a-91f9-0abc7b843b93 and boardId 4c6711df-c817-452d-a482-246e825dd132 is not found","level":"error"}
{"message":"   404: Task with id f545b4bd-7331-4b2b-a57d-78635825b254 and boardId 4c6711df-c817-452d-a482-246e825dd132 is not found","level":"error"}
{"message":"   404: Task with id fe05e120-ad8e-4edd-b943-32722a9d58e0 and boardId 4c6711df-c817-452d-a482-246e825dd132 is not found","level":"error"}
{"message":"   404: User with id 'c482b28a-8e12-4e10-a927-ff5ae36f26b6' not found","level":"error"}
{"message":"   404: Board with id 'f0bda20e-4ac2-417f-ad8a-551a3dd7b018' not found","level":"error"}
{"message":"   404: Task with id ad76a56d-4e0d-4ddd-89c2-fc336b3c37ef and boardId 5caad58f-019f-42b5-96f3-4596734acb99 is not found","level":"error"}
{"message":"   404: Task with id 7ff4a5c3-be5a-430d-bb91-c0a9a7e6d16b and boardId b54bc68c-b235-4784-8567-43f51034657e is not found","level":"error"}
{"message":"   404: Task with id bf540dc8-1dac-42ac-9827-293874de80fa and boardId b54bc68c-b235-4784-8567-43f51034657e is not found","level":"error"}
{"message":"   404: Task with id 7dd5ecf8-a875-46a1-af5a-b143fb6a7052 and boardId b54bc68c-b235-4784-8567-43f51034657e is not found","level":"error"}
{"message":"   404: Task with id eebad684-7c9b-4dda-b144-0cd8f3f884a7 and boardId b54bc68c-b235-4784-8567-43f51034657e is not found","level":"error"}
{"message":"   404: Task with id 47e40da4-8d64-4940-a6a0-b97367e4e244 and boardId b54bc68c-b235-4784-8567-43f51034657e is not found","level":"error"}
{"message":"   404: User with id '17682eb8-ccba-4c28-bf8c-4a21a53f251e' not found","level":"error"}
{"message":"   404: Board with id 'e67fabc2-9fef-4aa4-846c-2844ab882544' not found","level":"error"}
{"message":"   404: Task with id 70d164af-2794-44e5-8292-f39b7b56a3d2 and boardId 103ce14a-4b45-4c41-ba95-a596efbf7e4f is not found","level":"error"}
{"message":"   404: Task with id 74d374ca-84e6-4a6c-ba76-9afc498899ec and boardId a1fc00da-9da7-4b70-a839-6a3e45ddca22 is not found","level":"error"}
{"message":"   404: Task with id 4f4413bf-f95b-47b5-b5cf-dbe6f720d530 and boardId a1fc00da-9da7-4b70-a839-6a3e45ddca22 is not found","level":"error"}
{"message":"   404: Task with id eabc48e6-d35f-4a50-a4f6-51388d25db5e and boardId a1fc00da-9da7-4b70-a839-6a3e45ddca22 is not found","level":"error"}
{"message":"   404: Task with id 79751ee0-03ad-4905-a2ba-9e224557921d and boardId a1fc00da-9da7-4b70-a839-6a3e45ddca22 is not found","level":"error"}
{"message":"   404: Task with id 2c937418-9757-4795-a6e7-98490d8b3e1b and boardId a1fc00da-9da7-4b70-a839-6a3e45ddca22 is not found","level":"error"}
{"message":"   404: User with id 'de02f5ea-be40-486a-9511-87205776c4a2' not found","level":"error"}
{"message":"   404: Board with id 'f4f809cf-b7f1-4457-865c-a1fa27d22651' not found","level":"error"}
{"message":"   404: Task with id 62e45c3d-08e8-4251-b59b-78eba4611a14 and boardId 5c001d29-f436-45b2-8f5b-1ba711b90703 is not found","level":"error"}
{"message":"   404: Task with id 62b093eb-f84d-4ad6-9e98-734b9cb34e08 and boardId 5c001d29-f436-45b2-8f5b-1ba711b90703 is not found","level":"error"}
{"message":"   404: Task with id fe7e1e3b-84b7-4cc8-8d97-8bb0df7986a3 and boardId 5c001d29-f436-45b2-8f5b-1ba711b90703 is not found","level":"error"}
{"message":"   404: Task with id 5f325c4c-1b0b-4abe-bb23-1f007310d5b0 and boardId 5c001d29-f436-45b2-8f5b-1ba711b90703 is not found","level":"error"}
{"message":"   404: Task with id 831f88b7-55fe-41f2-8177-5660d0c3fe38 and boardId 5c001d29-f436-45b2-8f5b-1ba711b90703 is not found","level":"error"}
{"message":"   404: Task with id cf6c20fa-f3e6-4ee7-979c-7ae31ea22dd7 and boardId 8e4036d7-85c8-44c9-99a4-6d5f1d79b4aa is not found","level":"error"}
{"message":"   404: User with id 'bc4cf580-7a7d-4368-b021-5dbce96704b1' not found","level":"error"}
{"message":"   404: Board with id '52c65557-cfe4-428f-8965-b882b368ea88' not found","level":"error"}
{"message":"   404: Task with id 1b92b370-2d95-4446-a3da-969dc62e9265 and boardId 875677de-ce71-47ac-aee1-bb68eda27baf is not found","level":"error"}
{"message":"   404: Task with id 74ff9ecd-af37-4b60-a62a-1869735c5ba2 and boardId 0459502a-85e5-48e9-bbca-675d92d4578e is not found","level":"error"}
{"message":"   404: Task with id 1e6eca6d-cd51-4a9e-bc40-6b508a4e90e8 and boardId 0459502a-85e5-48e9-bbca-675d92d4578e is not found","level":"error"}
{"message":"   404: Task with id 9bc44834-7351-41a4-babc-84979c20b407 and boardId 0459502a-85e5-48e9-bbca-675d92d4578e is not found","level":"error"}
{"message":"   404: Task with id cdf87fc1-2387-4dac-aee5-5d5717a70c68 and boardId 0459502a-85e5-48e9-bbca-675d92d4578e is not found","level":"error"}
{"message":"   404: Task with id a349a717-837a-4dff-a705-5acd20f03780 and boardId 0459502a-85e5-48e9-bbca-675d92d4578e is not found","level":"error"}
{"message":"   404: User with id '02dff655-cc02-4ab2-b13c-bcf5a35a527f' not found","level":"error"}
{"message":"   404: Task with id 5d949e0d-fd92-45c0-a154-6a13d58543fc and boardId ff663fe4-2176-4784-b086-cdcf0846eef4 is not found","level":"error"}
{"message":"   404: Board with id 'ff663fe4-2176-4784-b086-cdcf0846eef4' not found","level":"error"}
{"message":"   404: Board with id 'ff663fe4-2176-4784-b086-cdcf0846eef4' not found","level":"error"}
{"message":"   404: Task with id 7e929c36-db5f-45e2-9c92-edace03cc9b4 and boardId f55ce8eb-2c88-4420-b469-2b83f1cef70d is not found","level":"error"}
{"message":"   404: Task with id ba626263-f7b6-4cbd-b464-882c949efd69 and boardId f55ce8eb-2c88-4420-b469-2b83f1cef70d is not found","level":"error"}
{"message":"   404: Task with id e985ca87-291f-4861-963a-d03ac6965b03 and boardId f55ce8eb-2c88-4420-b469-2b83f1cef70d is not found","level":"error"}
{"message":"   404: Task with id 3825ee85-20f9-4a37-b6e2-69f2e655b722 and boardId f55ce8eb-2c88-4420-b469-2b83f1cef70d is not found","level":"error"}
{"message":"   404: Task with id b142896a-d34b-4f17-bdc8-e1f5756212c2 and boardId f55ce8eb-2c88-4420-b469-2b83f1cef70d is not found","level":"error"}
{"message":"   404: Board with id 'ccade0b5-45fa-4e24-9252-0e51e289ecc2' not found","level":"error"}
{"message":"   404: Task with id deb7cf5d-10c9-4e6d-8809-926958b54535 and boardId b71fd0ed-9850-4242-b4c2-abcc1e4889c9 is not found","level":"error"}
{"message":"   404: Task with id 49da27de-9ae8-470d-9edc-cd4135a7e622 and boardId 867ace4c-7562-4b56-abca-e5bcfd46e3a9 is not found","level":"error"}
{"message":"   404: Task with id 74907899-0c40-4f45-a204-01373c05e075 and boardId 867ace4c-7562-4b56-abca-e5bcfd46e3a9 is not found","level":"error"}
{"message":"   404: Task with id b341d1c6-6860-4cd9-9c0a-b257fa427ff9 and boardId 867ace4c-7562-4b56-abca-e5bcfd46e3a9 is not found","level":"error"}
{"message":"   404: Task with id 3a23e829-4b1d-477e-898e-832fc41af708 and boardId 867ace4c-7562-4b56-abca-e5bcfd46e3a9 is not found","level":"error"}
{"message":"   404: Task with id b30e8eca-88cd-45f9-b65d-ac3016ed7a62 and boardId 867ace4c-7562-4b56-abca-e5bcfd46e3a9 is not found","level":"error"}
{"message":"   404: Board with id '88097a67-3cb8-4717-9842-9ebe143f9328' not found","level":"error"}
{"message":"   404: Task with id b67d0cdb-d147-4cb5-ad7f-9bd8c5a62bd0 and boardId 57230106-aede-4e68-8272-a8ea0a87d4f2 is not found","level":"error"}
{"message":"   404: Task with id 098f5b10-a028-48c3-8565-8f080ec935a7 and boardId 53c18d54-f042-4ca2-ae28-ff33f7127aa3 is not found","level":"error"}
{"message":"   404: Task with id 86e05a18-f065-4b6f-b0cb-b4b48150ab34 and boardId 53c18d54-f042-4ca2-ae28-ff33f7127aa3 is not found","level":"error"}
{"message":"   404: Task with id 7862ece1-2139-4290-a674-ffe37508305e and boardId 53c18d54-f042-4ca2-ae28-ff33f7127aa3 is not found","level":"error"}
{"message":"   404: Task with id f9214099-265a-489a-8a8c-a93f4e660335 and boardId 53c18d54-f042-4ca2-ae28-ff33f7127aa3 is not found","level":"error"}
{"message":"   404: Task with id 6d1eed8a-8d23-4e9b-9006-c7a1f4eff0b2 and boardId 53c18d54-f042-4ca2-ae28-ff33f7127aa3 is not found","level":"error"}
{"message":"   400: Board id undefined is not valid","level":"error"}
{"message":"   400: Board id undefined is not valid","level":"error"}
{"message":"   400: Board id undefined is not valid","level":"error"}
{"message":"   400: Board id undefined is not valid","level":"error"}
{"message":"   400: Board id undefined is not valid","level":"error"}
{"message":"   400: Task data is not valid","level":"error"}
{"message":"   400: Task id undefined is not valid","level":"error"}
{"message":"   400: Board id undefined is not valid","level":"error"}
{"message":"   400: Board id undefined is not valid","level":"error"}
{"message":"   400: Board id undefined is not valid","level":"error"}
{"message":"   400: Board id undefined is not valid","level":"error"}
{"message":"   400: Board id undefined is not valid","level":"error"}
{"message":"   400: Board id undefined is not valid","level":"error"}
{"message":"   400: Board id undefined is not valid","level":"error"}
{"message":"   400: Board id undefined is not valid","level":"error"}
{"message":"   400: Board id undefined is not valid","level":"error"}
{"message":"   400: Board id undefined is not valid","level":"error"}
{"message":"   400: Board id undefined is not valid","level":"error"}
{"message":"   400: Board id undefined is not valid","level":"error"}
{"message":"   400: Board id undefined is not valid","level":"error"}
{"message":"   400: Board id undefined is not valid","level":"error"}
{"message":"   400: Task data is not valid","level":"error"}
{"message":"   400: Task id undefined is not valid","level":"error"}
{"message":"   400: Board id undefined is not valid","level":"error"}
{"message":"   400: Board id undefined is not valid","level":"error"}
{"message":"   400: Board id undefined is not valid","level":"error"}
{"message":"   400: Board id undefined is not valid","level":"error"}
{"message":"   400: Board id undefined is not valid","level":"error"}
{"message":"   400: Board id undefined is not valid","level":"error"}
{"message":"   400: Board id undefined is not valid","level":"error"}
{"message":"   400: Board id undefined is not valid","level":"error"}
{"message":"   400: Board id undefined is not valid","level":"error"}
{"message":"   400: Board id undefined is not valid","level":"error"}
{"message":"   400: Board id undefined is not valid","level":"error"}
{"message":"   400: Board id undefined is not valid","level":"error"}
{"message":"   400: Board id undefined is not valid","level":"error"}
{"message":"   400: Board id undefined is not valid","level":"error"}
{"message":"   400: Task data is not valid","level":"error"}
{"message":"   400: Task id undefined is not valid","level":"error"}
{"message":"   400: Board id undefined is not valid","level":"error"}
{"message":"   400: Board id undefined is not valid","level":"error"}
{"message":"   400: Board id undefined is not valid","level":"error"}
{"message":"   400: Board id undefined is not valid","level":"error"}
{"message":"   400: Board id undefined is not valid","level":"error"}
{"message":"   400: Board id undefined is not valid","level":"error"}
{"message":"   400: Board id undefined is not valid","level":"error"}
{"message":"   400: Board id undefined is not valid","level":"error"}
{"message":"   400: Board id undefined is not valid","level":"error"}
{"message":"   400: Board id undefined is not valid","level":"error"}
{"message":"   400: Board id undefined is not valid","level":"error"}
{"message":"   400: Board id undefined is not valid","level":"error"}
{"message":"   400: Board id undefined is not valid","level":"error"}
{"message":"   400: Board id undefined is not valid","level":"error"}
{"message":"   400: Task data is not valid","level":"error"}
{"message":"   400: Task id undefined is not valid","level":"error"}
{"message":"   400: Board id undefined is not valid","level":"error"}
{"message":"   400: Board id undefined is not valid","level":"error"}
{"message":"   400: Board id undefined is not valid","level":"error"}
{"message":"   400: Board id undefined is not valid","level":"error"}
{"message":"   400: Board id undefined is not valid","level":"error"}
{"message":"   400: Board id undefined is not valid","level":"error"}
{"message":"   400: Board id undefined is not valid","level":"error"}
{"message":"   400: Task data is not valid","level":"error"}
{"message":"   400: Task id undefined is not valid","level":"error"}
{"message":"   400: Board id undefined is not valid","level":"error"}
{"message":"   400: Board id undefined is not valid","level":"error"}
{"message":"   400: Board id undefined is not valid","level":"error"}
{"message":"   400: Board id undefined is not valid","level":"error"}
{"message":"   400: Board id undefined is not valid","level":"error"}
{"message":"   400: Board id undefined is not valid","level":"error"}
{"message":"   400: Board id undefined is not valid","level":"error"}
{"message":"   400: Board id undefined is not valid","level":"error"}
{"message":"   400: Board id undefined is not valid","level":"error"}
{"message":"   404: Board with id 'c36db358-5992-48dd-a56a-54aa48915ee1' not found","level":"error"}
{"message":"   400: Board id undefined is not valid","level":"error"}
{"message":"   400: Board id undefined is not valid","level":"error"}
{"message":"   400: Board id undefined is not valid","level":"error"}
{"message":"   400: Board id undefined is not valid","level":"error"}
{"message":"   400: Board id undefined is not valid","level":"error"}
{"message":"   400: Board id undefined is not valid","level":"error"}
{"message":"   400: Board id undefined is not valid","level":"error"}
{"message":"   400: Board id undefined is not valid","level":"error"}
{"message":"   Сaptured uncaught exception: listen EADDRINUSE: address already in use :::4000","level":"error"}
{"message":"   400: Board id undefined is not valid","level":"error"}
{"message":"   400: Board id undefined is not valid","level":"error"}
{"message":"   400: Board id undefined is not valid","level":"error"}
{"message":"   400: Board id undefined is not valid","level":"error"}
{"message":"   400: Board id undefined is not valid","level":"error"}
{"message":"   400: Board id undefined is not valid","level":"error"}
{"message":"   400: Board id undefined is not valid","level":"error"}
{"message":"   400: Board id undefined is not valid","level":"error"}
{"message":"   400: Board id undefined is not valid","level":"error"}
{"message":"   400: Board id undefined is not valid","level":"error"}
{"message":"   400: Board id undefined is not valid","level":"error"}
{"message":"   400: Board id undefined is not valid","level":"error"}
{"message":"   400: Board id undefined is not valid","level":"error"}
{"message":"   400: Board id undefined is not valid","level":"error"}
{"message":"   400: Board id undefined is not valid","level":"error"}
{"message":"   400: Board id undefined is not valid","level":"error"}
{"message":"   400: Board id undefined is not valid","level":"error"}
{"message":"   400: Board id undefined is not valid","level":"error"}
{"message":"   400: Board id undefined is not valid","level":"error"}
{"message":"   400: Board id undefined is not valid","level":"error"}
{"message":"   400: Board id undefined is not valid","level":"error"}
{"message":"   400: Board id undefined is not valid","level":"error"}
{"message":"   400: Board id undefined is not valid","level":"error"}
{"message":"   400: Board id undefined is not valid","level":"error"}
{"message":"   400: Board id undefined is not valid","level":"error"}
{"message":"   404: Board with id 'a9aee053-dc07-4e0e-821c-698b7c48caea' not found","level":"error"}
{"message":"   400: Board id undefined is not valid","level":"error"}
{"message":"   400: Board id undefined is not valid","level":"error"}
{"message":"   400: Board id undefined is not valid","level":"error"}
{"message":"   400: Board id undefined is not valid","level":"error"}
{"message":"   400: Board id undefined is not valid","level":"error"}
{"message":"   400: Board id undefined is not valid","level":"error"}
{"message":"   404: Board with id '14b998f7-aff3-4b05-965b-2a43cf09e634' not found","level":"error"}
{"message":"   400: Board id undefined is not valid","level":"error"}
{"message":"   400: Board id undefined is not valid","level":"error"}
{"message":"   400: Board id undefined is not valid","level":"error"}
{"message":"   400: Board id undefined is not valid","level":"error"}
{"message":"   400: Board id undefined is not valid","level":"error"}
{"message":"   400: Board id undefined is not valid","level":"error"}
{"message":"   400: Board id undefined is not valid","level":"error"}
{"message":"   400: Board id undefined is not valid","level":"error"}
{"message":"   400: Board id undefined is not valid","level":"error"}
{"message":"   400: Board id undefined is not valid","level":"error"}
{"message":"   400: Board id undefined is not valid","level":"error"}
{"message":"   404: Board with id '1335679e-5299-4c01-872d-12d1bb89bd33' not found","level":"error"}
{"message":"   400: Board id undefined is not valid","level":"error"}
{"message":"   404: Board with id 'f93431b3-5470-4a8f-af12-96d7f3503638' not found","level":"error"}
{"message":"   400: Board id undefined is not valid","level":"error"}
{"message":"   400: Board id undefined is not valid","level":"error"}
{"message":"   400: Board id undefined is not valid","level":"error"}
{"message":"   400: Board id undefined is not valid","level":"error"}
{"message":"   400: Board id undefined is not valid","level":"error"}
{"message":"   400: Board id undefined is not valid","level":"error"}
{"message":"   404: Board with id 'b345f9a2-cf7e-43f2-800d-62af98ea989c' not found","level":"error"}
{"message":"   400: Board id undefined is not valid","level":"error"}
{"message":"   400: Board id undefined is not valid","level":"error"}
{"message":"   400: Board id undefined is not valid","level":"error"}
{"message":"   400: Board id undefined is not valid","level":"error"}
{"message":"   400: Board id undefined is not valid","level":"error"}
{"message":"   400: Board id undefined is not valid","level":"error"}
{"message":"   400: Board id undefined is not valid","level":"error"}
{"message":"   400: Board id undefined is not valid","level":"error"}
{"message":"   400: Board id undefined is not valid","level":"error"}
{"message":"   400: Board id undefined is not valid","level":"error"}
{"message":"   400: Board id undefined is not valid","level":"error"}
{"message":"   404: Board with id '59ac6bd3-2957-4525-9c1f-109c0dbd1d9a' not found","level":"error"}
{"message":"   404: Board with id '291e83cc-921f-4ac9-84f7-a0dec29a1dcf' not found","level":"error"}
{"message":"   undefined: Cannot destructure property `id` of 'undefined' or 'null'.","level":"error"}
{"message":"   undefined: Cannot destructure property `id` of 'undefined' or 'null'.","level":"error"}
{"message":"   undefined: Cannot destructure property `id` of 'undefined' or 'null'.","level":"error"}
{"message":"   undefined: Cannot destructure property `id` of 'undefined' or 'null'.","level":"error"}
{"message":"   undefined: Cannot destructure property `id` of 'undefined' or 'null'.","level":"error"}
{"message":"   undefined: Cannot destructure property `id` of 'undefined' or 'null'.","level":"error"}
{"message":"   undefined: Cannot destructure property `id` of 'undefined' or 'null'.","level":"error"}
{"message":"   undefined: Cannot destructure property `id` of 'undefined' or 'null'.","level":"error"}
{"message":"   400: Task data is not valid","level":"error"}
{"message":"   400: Task id undefined is not valid","level":"error"}
{"message":"   undefined: Cannot destructure property `id` of 'undefined' or 'null'.","level":"error"}
{"message":"   undefined: Cannot destructure property `id` of 'undefined' or 'null'.","level":"error"}
{"message":"   404: Board with id '0cc8457c-2ec1-47fb-92de-973ffc0e3f23' not found","level":"error"}
{"message":"   undefined: Cannot destructure property `id` of 'undefined' or 'null'.","level":"error"}
{"message":"   undefined: Cannot destructure property `id` of 'undefined' or 'null'.","level":"error"}
{"message":"   undefined: Cannot destructure property `id` of 'undefined' or 'null'.","level":"error"}
{"message":"   undefined: Cannot destructure property `id` of 'undefined' or 'null'.","level":"error"}
{"message":"   undefined: Cannot destructure property `id` of 'undefined' or 'null'.","level":"error"}
{"message":"   undefined: Cannot destructure property `id` of 'undefined' or 'null'.","level":"error"}
{"message":"   undefined: Cannot destructure property `id` of 'undefined' or 'null'.","level":"error"}
{"message":"   undefined: Cannot destructure property `id` of 'undefined' or 'null'.","level":"error"}
{"message":"   400: Task id undefined is not valid","level":"error"}
{"message":"   undefined: Cannot destructure property `id` of 'undefined' or 'null'.","level":"error"}
{"message":"   undefined: Cannot destructure property `id` of 'undefined' or 'null'.","level":"error"}
{"message":"   undefined: Cannot destructure property `id` of 'undefined' or 'null'.","level":"error"}
{"message":"   400: Task data is not valid","level":"error"}
{"message":"   400: Task id undefined is not valid","level":"error"}
{"message":"   undefined: Cannot destructure property `id` of 'undefined' or 'null'.","level":"error"}
{"message":"   404: Task with id f11ab0a5-24b3-434c-ac7a-5e7aa0eae36f and boardId 093721c3-9c5b-4e37-b866-5975f1d857ad is not found","level":"error"}
{"message":"   404: Board with id '9f35d220-1175-4acb-bbf6-a6f1fa465b2e' not found","level":"error"}
{"message":"   404: Task with id e8c5800d-8853-4c33-ac28-83a07dd2ff5c and boardId d69aef92-dfcb-4457-af27-3ff61107ff0e is not found","level":"error"}
{"message":"   404: Task with id 07ae5e6b-a373-4ea1-b52c-d0cc79d765fa and boardId d69aef92-dfcb-4457-af27-3ff61107ff0e is not found","level":"error"}
{"message":"   404: Task with id f171816f-f1a6-431b-b071-a295b0249fc7 and boardId d69aef92-dfcb-4457-af27-3ff61107ff0e is not found","level":"error"}
{"message":"   404: Task with id de3f0fb7-29c8-499d-99fd-6dc07222c570 and boardId d69aef92-dfcb-4457-af27-3ff61107ff0e is not found","level":"error"}
{"message":"   404: Task with id 30a90398-8051-45e3-911a-4244010adcfe and boardId d69aef92-dfcb-4457-af27-3ff61107ff0e is not found","level":"error"}
{"message":"   404: Task with id 526162e0-fc1c-41f9-bb35-0515daf8c441 and boardId 1ea0514b-eb58-45b6-bac0-57de3311000d is not found","level":"error"}
{"message":"   404: Board with id '146ae9d7-82f7-4359-ae15-f31c86e16e3b' not found","level":"error"}
{"message":"   404: Task with id 54c9ceac-c5a2-492b-a022-34c9d865a0a3 and boardId d0ed2088-63a3-4cdd-8b78-f1b58e056845 is not found","level":"error"}
{"message":"   404: Task with id 77547ded-852d-44f3-8050-13403c78360d and boardId d0ed2088-63a3-4cdd-8b78-f1b58e056845 is not found","level":"error"}
{"message":"   404: Task with id 3db06524-b57b-4050-b976-a6193a39e8c1 and boardId d0ed2088-63a3-4cdd-8b78-f1b58e056845 is not found","level":"error"}
{"message":"   404: Task with id 95b0f58a-a762-419c-a839-5119ddfacbd8 and boardId d0ed2088-63a3-4cdd-8b78-f1b58e056845 is not found","level":"error"}
{"message":"   404: Task with id fdc11b98-4f15-42d1-9f9e-0a469e63b06e and boardId d0ed2088-63a3-4cdd-8b78-f1b58e056845 is not found","level":"error"}
{"message":"   404: Task with id 60d1044d-1caf-47bc-93bc-befc9c1422e5 and boardId 53134031-0861-4019-a313-92d2de7a083f is not found","level":"error"}
{"message":"   404: Board with id 'c1876474-40be-4073-9a5b-f2f39bf41559' not found","level":"error"}
{"message":"   404: Task with id bf134b07-a7e8-4a52-ac2d-17583dc19cb0 and boardId b0001ab2-ffeb-4716-9e6c-f085f9f552f5 is not found","level":"error"}
{"message":"   404: Task with id f5ba4516-c9e9-4bf8-9dfc-45227c20c2fe and boardId b0001ab2-ffeb-4716-9e6c-f085f9f552f5 is not found","level":"error"}
{"message":"   404: Task with id b0f7d3bd-6785-4f2f-9b09-86de062621c1 and boardId b0001ab2-ffeb-4716-9e6c-f085f9f552f5 is not found","level":"error"}
{"message":"   404: Task with id ec69c936-c51b-4ce5-b805-e495acb286ce and boardId b0001ab2-ffeb-4716-9e6c-f085f9f552f5 is not found","level":"error"}
{"message":"   404: Task with id 90ca2558-c17c-43ed-9b2d-fb3cc3911139 and boardId b0001ab2-ffeb-4716-9e6c-f085f9f552f5 is not found","level":"error"}
{"message":"   404: Task with id cf489a3d-202e-4948-bedc-c9d0ddbb83d1 and boardId 067b374f-32db-4068-ae54-704cf7847ab4 is not found","level":"error"}
{"message":"   404: Board with id '66a7e209-383c-4330-8fca-0c6aa44a7417' not found","level":"error"}
{"message":"   404: Task with id c5569d50-006a-49d6-b650-8b97f6774456 and boardId 7b1b77b6-70d4-4897-bc4e-e8aeeeccce55 is not found","level":"error"}
{"message":"   404: Task with id d23f6154-d6f5-4861-a6d0-fa42d4c48221 and boardId 7b1b77b6-70d4-4897-bc4e-e8aeeeccce55 is not found","level":"error"}
{"message":"   404: Task with id 8f795b56-6525-43cc-ace9-424285c35668 and boardId 7b1b77b6-70d4-4897-bc4e-e8aeeeccce55 is not found","level":"error"}
{"message":"   404: Task with id 2e1b0cb0-1833-4058-a75f-d6aa1a75eed3 and boardId 7b1b77b6-70d4-4897-bc4e-e8aeeeccce55 is not found","level":"error"}
{"message":"   404: Task with id 32c11ffc-0ee2-483e-99be-615cc22c6c92 and boardId 7b1b77b6-70d4-4897-bc4e-e8aeeeccce55 is not found","level":"error"}
