{"message":"   401: Failed to authenticate","level":"error"}
{"message":"   401: Failed to authenticate","level":"error"}
{"message":"   401: Failed to authenticate","level":"error"}
{"message":"   401: Failed to authenticate","level":"error"}
{"message":"   401: Failed to authenticate","level":"error"}
{"message":"   401: Failed to authenticate","level":"error"}
{"message":"   401: Failed to authenticate","level":"error"}
{"message":"   401: Failed to authenticate","level":"error"}
{"message":"   401: Failed to authenticate","level":"error"}
{"message":"   401: Failed to authenticate","level":"error"}
{"message":"   401: Failed to authenticate","level":"error"}
{"message":"   401: Failed to authenticate","level":"error"}
{"message":"   401: Failed to authenticate","level":"error"}
{"message":"   401: Failed to authenticate","level":"error"}
{"message":"   401: Failed to authenticate","level":"error"}
{"message":"   404: Task with id 504c9997-3d45-48f1-8a16-69063f14d823 and boardId e72f537b-6263-44bd-91b5-87a90c4690af is not found","level":"error"}
{"message":"   404: Board with id '9289c310-6871-4af5-92e7-367af3c8f9e9' not found","level":"error"}
{"message":"   404: Task with id a264b7e8-8fda-4055-b982-73cc3bd03307 and boardId 551e42c5-b1ba-4ac3-8c30-17b514f39790 is not found","level":"error"}
{"message":"   404: Task with id d1f0c0fc-eb89-4cb2-804b-a9011b7c957b and boardId 551e42c5-b1ba-4ac3-8c30-17b514f39790 is not found","level":"error"}
{"message":"   404: Task with id 87276443-21e2-41de-b538-767ea6d621df and boardId 551e42c5-b1ba-4ac3-8c30-17b514f39790 is not found","level":"error"}
{"message":"   404: Task with id fc89d507-7f4c-4e08-8cec-64eb0d798d0e and boardId 551e42c5-b1ba-4ac3-8c30-17b514f39790 is not found","level":"error"}
{"message":"   404: Task with id 701e4c5d-2377-4a14-822b-69bb988515c1 and boardId 551e42c5-b1ba-4ac3-8c30-17b514f39790 is not found","level":"error"}
{"message":"   401: Failed to authenticate","level":"error","timestamp":"2020-04-27T09:36:40.163Z"}
{"message":"   401: Failed to authenticate","level":"error","timestamp":"2020-04-27T09:36:40.190Z"}
{"message":"   401: Failed to authenticate","level":"error","timestamp":"2020-04-27T09:36:40.211Z"}
{"message":"   401: Failed to authenticate","level":"error","timestamp":"2020-04-27T09:36:40.217Z"}
{"message":"   401: Failed to authenticate","level":"error","timestamp":"2020-04-27T09:36:40.221Z"}
{"message":"   401: Failed to authenticate","level":"error","timestamp":"2020-04-27T09:36:40.293Z"}
{"message":"   401: Failed to authenticate","level":"error","timestamp":"2020-04-27T09:36:40.308Z"}
{"message":"   401: Failed to authenticate","level":"error","timestamp":"2020-04-27T09:36:40.310Z"}
{"message":"   401: Failed to authenticate","level":"error","timestamp":"2020-04-27T09:36:40.313Z"}
{"message":"   401: Failed to authenticate","level":"error","timestamp":"2020-04-27T09:36:40.316Z"}
{"message":"   401: Failed to authenticate","level":"error","timestamp":"2020-04-27T09:36:40.318Z"}
{"message":"   401: Failed to authenticate","level":"error","timestamp":"2020-04-27T09:36:40.324Z"}
{"message":"   401: Failed to authenticate","level":"error","timestamp":"2020-04-27T09:36:40.331Z"}
{"message":"   401: Failed to authenticate","level":"error","timestamp":"2020-04-27T09:36:40.334Z"}
{"message":"   401: Failed to authenticate","level":"error","timestamp":"2020-04-27T09:36:40.337Z"}
{"message":"   404: Task with id ae444130-6862-4832-b37e-544d03f1b370 and boardId 136edad8-3fd6-40ed-9855-c2c773569357 is not found","level":"error","timestamp":"2020-04-27T09:36:41.637Z"}
{"message":"   404: Board with id '0512ec3c-b53d-4ec1-994d-21a167bcd74b' not found","level":"error","timestamp":"2020-04-27T09:36:41.943Z"}
{"message":"   404: Task with id 81527d4e-e8f6-4491-93e4-e6329351a4b8 and boardId 64c2c9eb-50eb-4875-9309-b71e1b81e880 is not found","level":"error","timestamp":"2020-04-27T09:36:42.678Z"}
{"message":"   404: Task with id c153d365-b8f8-4b47-9732-9f1bfa9fe900 and boardId 64c2c9eb-50eb-4875-9309-b71e1b81e880 is not found","level":"error","timestamp":"2020-04-27T09:36:42.684Z"}
{"message":"   404: Task with id 77059fb4-26b6-4f01-a086-8c031eaa9486 and boardId 64c2c9eb-50eb-4875-9309-b71e1b81e880 is not found","level":"error","timestamp":"2020-04-27T09:36:42.689Z"}
{"message":"   404: Task with id 341717da-032f-4190-b353-5fdd3eb9b531 and boardId 64c2c9eb-50eb-4875-9309-b71e1b81e880 is not found","level":"error","timestamp":"2020-04-27T09:36:42.732Z"}
{"message":"   404: Task with id bc86322c-8800-4a55-b7df-6f04502cada5 and boardId 64c2c9eb-50eb-4875-9309-b71e1b81e880 is not found","level":"error","timestamp":"2020-04-27T09:36:42.745Z"}
{"message":"   401: Failed to authenticate","level":"error","timestamp":"2020-04-27T09:42:02.202Z"}
{"message":"   401: Failed to authenticate","level":"error","timestamp":"2020-04-27T09:42:02.219Z"}
{"message":"   401: Failed to authenticate","level":"error","timestamp":"2020-04-27T09:42:02.239Z"}
{"message":"   401: Failed to authenticate","level":"error","timestamp":"2020-04-27T09:42:02.250Z"}
{"message":"   401: Failed to authenticate","level":"error","timestamp":"2020-04-27T09:42:02.254Z"}
{"message":"   401: Failed to authenticate","level":"error","timestamp":"2020-04-27T09:42:02.367Z"}
{"message":"   401: Failed to authenticate","level":"error","timestamp":"2020-04-27T09:42:02.387Z"}
{"message":"   401: Failed to authenticate","level":"error","timestamp":"2020-04-27T09:42:02.395Z"}
{"message":"   401: Failed to authenticate","level":"error","timestamp":"2020-04-27T09:42:02.399Z"}
{"message":"   401: Failed to authenticate","level":"error","timestamp":"2020-04-27T09:42:02.403Z"}
{"message":"   401: Failed to authenticate","level":"error","timestamp":"2020-04-27T09:42:02.406Z"}
{"message":"   401: Failed to authenticate","level":"error","timestamp":"2020-04-27T09:42:02.409Z"}
{"message":"   401: Failed to authenticate","level":"error","timestamp":"2020-04-27T09:42:02.413Z"}
{"message":"   401: Failed to authenticate","level":"error","timestamp":"2020-04-27T09:42:02.417Z"}
{"message":"   401: Failed to authenticate","level":"error","timestamp":"2020-04-27T09:42:02.420Z"}
{"message":"   404: Task with id ea20d6b1-ef21-4abf-abcc-cd4ab2492e98 and boardId a6d7331c-6d8a-45dd-aae5-09e0ea8cdbbc is not found","level":"error","timestamp":"2020-04-27T09:42:03.655Z"}
{"message":"   404: Board with id 'a05ebc4c-3db5-4d26-947b-f9411296a534' not found","level":"error","timestamp":"2020-04-27T09:42:04.067Z"}
{"message":"   404: Task with id 7ce35095-0ed5-42e2-8993-14e6f6fe6026 and boardId 060a1d35-f1e5-4ac8-b78f-cd169fe06bc4 is not found","level":"error","timestamp":"2020-04-27T09:42:04.785Z"}
{"message":"   404: Task with id 35d1a365-397f-4c11-b184-e635fe6fd505 and boardId 060a1d35-f1e5-4ac8-b78f-cd169fe06bc4 is not found","level":"error","timestamp":"2020-04-27T09:42:04.817Z"}
{"message":"   404: Task with id e8bb42c4-d364-4ec9-8d4f-09f6d1daf6c7 and boardId 060a1d35-f1e5-4ac8-b78f-cd169fe06bc4 is not found","level":"error","timestamp":"2020-04-27T09:42:04.822Z"}
{"message":"   404: Task with id 9ef955dd-701c-4b88-af3b-71a5ab0586b9 and boardId 060a1d35-f1e5-4ac8-b78f-cd169fe06bc4 is not found","level":"error","timestamp":"2020-04-27T09:42:04.825Z"}
{"message":"   404: Task with id bae079d1-0fe1-40e1-a884-fa465a591495 and boardId 060a1d35-f1e5-4ac8-b78f-cd169fe06bc4 is not found","level":"error","timestamp":"2020-04-27T09:42:04.827Z"}
{"message":"   401: Failed to authenticate","level":"error","timestamp":"2020-04-27T09:43:07.403Z"}
{"message":"   401: Failed to authenticate","level":"error","timestamp":"2020-04-27T09:43:07.421Z"}
{"message":"   401: Failed to authenticate","level":"error","timestamp":"2020-04-27T09:43:07.444Z"}
{"message":"   401: Failed to authenticate","level":"error","timestamp":"2020-04-27T09:43:07.448Z"}
{"message":"   401: Failed to authenticate","level":"error","timestamp":"2020-04-27T09:43:07.459Z"}
{"message":"   401: Failed to authenticate","level":"error","timestamp":"2020-04-27T09:43:07.549Z"}
{"message":"   401: Failed to authenticate","level":"error","timestamp":"2020-04-27T09:43:07.555Z"}
{"message":"   401: Failed to authenticate","level":"error","timestamp":"2020-04-27T09:43:07.570Z"}
{"message":"   401: Failed to authenticate","level":"error","timestamp":"2020-04-27T09:43:07.572Z"}
{"message":"   401: Failed to authenticate","level":"error","timestamp":"2020-04-27T09:43:07.574Z"}
{"message":"   401: Failed to authenticate","level":"error","timestamp":"2020-04-27T09:43:07.576Z"}
{"message":"   401: Failed to authenticate","level":"error","timestamp":"2020-04-27T09:43:07.578Z"}
{"message":"   401: Failed to authenticate","level":"error","timestamp":"2020-04-27T09:43:07.579Z"}
{"message":"   401: Failed to authenticate","level":"error","timestamp":"2020-04-27T09:43:07.581Z"}
{"message":"   401: Failed to authenticate","level":"error","timestamp":"2020-04-27T09:43:07.582Z"}
{"message":"   404: Task with id 6f4c87ca-a1b8-4796-ac81-0a46e5a8daaa and boardId 913cf929-878c-47ea-8199-78432764facd is not found","level":"error","timestamp":"2020-04-27T09:43:08.864Z"}
{"message":"   404: Board with id '24a5dd92-5f3c-46c0-a421-04c85b95ccd5' not found","level":"error","timestamp":"2020-04-27T09:43:09.165Z"}
{"message":"   404: Task with id 8500e73d-736f-4dad-a28f-3a16dc548355 and boardId 45dcab5d-1307-4970-a7f2-f32d6000d2c0 is not found","level":"error","timestamp":"2020-04-27T09:43:09.862Z"}
{"message":"   404: Task with id 6570c3a0-a54f-4d6c-846f-7ca89acd8a8e and boardId 45dcab5d-1307-4970-a7f2-f32d6000d2c0 is not found","level":"error","timestamp":"2020-04-27T09:43:09.867Z"}
{"message":"   404: Task with id c40fe6b4-3d1e-4cfe-b60e-0b431efe4f42 and boardId 45dcab5d-1307-4970-a7f2-f32d6000d2c0 is not found","level":"error","timestamp":"2020-04-27T09:43:09.880Z"}
{"message":"   404: Task with id 28c9efdb-8610-468c-aa3f-acb1ad2b339e and boardId 45dcab5d-1307-4970-a7f2-f32d6000d2c0 is not found","level":"error","timestamp":"2020-04-27T09:43:09.938Z"}
{"message":"   404: Task with id c9cf21a2-bd8c-4397-8e26-780626a7bf94 and boardId 45dcab5d-1307-4970-a7f2-f32d6000d2c0 is not found","level":"error","timestamp":"2020-04-27T09:43:09.945Z"}
{"message":"   Сaptured uncaught exception: Cannot create property 'Symbol(level)' on string 'App is running on http://localhost:4000'","level":"error","timestamp":"2020-04-27T09:46:01.854Z"}
{"message":"   401: Failed to authenticate","level":"error","timestamp":"2020-04-27T09:47:07.541Z"}
{"message":"   401: Failed to authenticate","level":"error","timestamp":"2020-04-27T09:47:07.576Z"}
{"message":"   401: Failed to authenticate","level":"error","timestamp":"2020-04-27T09:47:07.580Z"}
{"message":"   401: Failed to authenticate","level":"error","timestamp":"2020-04-27T09:47:07.583Z"}
{"message":"   401: Failed to authenticate","level":"error","timestamp":"2020-04-27T09:47:07.587Z"}
{"message":"   401: Failed to authenticate","level":"error","timestamp":"2020-04-27T09:47:07.672Z"}
{"message":"   401: Failed to authenticate","level":"error","timestamp":"2020-04-27T09:47:07.677Z"}
{"message":"   401: Failed to authenticate","level":"error","timestamp":"2020-04-27T09:47:07.688Z"}
{"message":"   401: Failed to authenticate","level":"error","timestamp":"2020-04-27T09:47:07.697Z"}
{"message":"   401: Failed to authenticate","level":"error","timestamp":"2020-04-27T09:47:07.698Z"}
{"message":"   401: Failed to authenticate","level":"error","timestamp":"2020-04-27T09:47:07.700Z"}
{"message":"   401: Failed to authenticate","level":"error","timestamp":"2020-04-27T09:47:07.702Z"}
{"message":"   401: Failed to authenticate","level":"error","timestamp":"2020-04-27T09:47:07.703Z"}
{"message":"   401: Failed to authenticate","level":"error","timestamp":"2020-04-27T09:47:07.705Z"}
{"message":"   401: Failed to authenticate","level":"error","timestamp":"2020-04-27T09:47:07.707Z"}
{"message":"   404: Task with id 5a1017c5-e40d-44ca-b61e-58afb42071c0 and boardId b0d605eb-4255-43bf-bfd6-6a11e9e10ced is not found","level":"error","timestamp":"2020-04-27T09:47:08.975Z"}
{"message":"   404: Board with id 'c4dc0336-6eb1-40d9-94d4-087d01f3efab' not found","level":"error","timestamp":"2020-04-27T09:47:09.303Z"}
{"message":"   404: Task with id eda37eca-fbf8-492b-95fe-9bf4027e95d8 and boardId 5a793468-1671-4e2b-af66-fffda565c582 is not found","level":"error","timestamp":"2020-04-27T09:47:10.048Z"}
{"message":"   404: Task with id d98ad44f-b31c-4a53-84ee-fea8ccbef67b and boardId 5a793468-1671-4e2b-af66-fffda565c582 is not found","level":"error","timestamp":"2020-04-27T09:47:10.054Z"}
{"message":"   404: Task with id 2580257f-3202-4f5e-aea5-284a199f2a98 and boardId 5a793468-1671-4e2b-af66-fffda565c582 is not found","level":"error","timestamp":"2020-04-27T09:47:10.061Z"}
{"message":"   404: Task with id d9297b60-7227-4d0d-bfd4-86ad2fc79846 and boardId 5a793468-1671-4e2b-af66-fffda565c582 is not found","level":"error","timestamp":"2020-04-27T09:47:10.096Z"}
{"message":"   404: Task with id 2de5e2ae-e255-4bed-a626-739deedc36e5 and boardId 5a793468-1671-4e2b-af66-fffda565c582 is not found","level":"error","timestamp":"2020-04-27T09:47:10.098Z"}
{"message":"   401: Failed to authenticate","level":"error","timestamp":"2020-04-27T09:47:40.600Z"}
{"message":"   401: Failed to authenticate","level":"error","timestamp":"2020-04-27T09:47:40.614Z"}
{"message":"   401: Failed to authenticate","level":"error","timestamp":"2020-04-27T09:47:40.620Z"}
{"message":"   401: Failed to authenticate","level":"error","timestamp":"2020-04-27T09:47:40.623Z"}
{"message":"   401: Failed to authenticate","level":"error","timestamp":"2020-04-27T09:47:40.632Z"}
{"message":"   401: Failed to authenticate","level":"error","timestamp":"2020-04-27T09:47:40.743Z"}
{"message":"   401: Failed to authenticate","level":"error","timestamp":"2020-04-27T09:47:40.765Z"}
{"message":"   401: Failed to authenticate","level":"error","timestamp":"2020-04-27T09:47:40.769Z"}
{"message":"   401: Failed to authenticate","level":"error","timestamp":"2020-04-27T09:47:40.777Z"}
{"message":"   401: Failed to authenticate","level":"error","timestamp":"2020-04-27T09:47:40.779Z"}
{"message":"   401: Failed to authenticate","level":"error","timestamp":"2020-04-27T09:47:40.782Z"}
{"message":"   401: Failed to authenticate","level":"error","timestamp":"2020-04-27T09:47:40.789Z"}
{"message":"   401: Failed to authenticate","level":"error","timestamp":"2020-04-27T09:47:40.792Z"}
{"message":"   401: Failed to authenticate","level":"error","timestamp":"2020-04-27T09:47:40.794Z"}
{"message":"   401: Failed to authenticate","level":"error","timestamp":"2020-04-27T09:47:40.796Z"}
{"message":"   404: Task with id 358571fe-c0c5-4979-a28f-19c5a9245486 and boardId 22404402-59c5-4f07-a0c5-a0443ccecfe0 is not found","level":"error","timestamp":"2020-04-27T09:47:42.026Z"}
{"message":"   404: Board with id '1032d575-8ae8-47e3-93b8-083e7c1f9123' not found","level":"error","timestamp":"2020-04-27T09:47:42.363Z"}
{"message":"   404: Task with id fdbbfe04-eac7-4ec3-a4f2-a59166417440 and boardId 74197bcc-63e6-480d-a85e-7ed533492234 is not found","level":"error","timestamp":"2020-04-27T09:47:43.060Z"}
{"message":"   404: Task with id deeda638-fc1a-486d-a918-b710dc6e092c and boardId 74197bcc-63e6-480d-a85e-7ed533492234 is not found","level":"error","timestamp":"2020-04-27T09:47:43.065Z"}
{"message":"   404: Task with id b10b73db-8dc5-4363-a7ce-d8dee83a8601 and boardId 74197bcc-63e6-480d-a85e-7ed533492234 is not found","level":"error","timestamp":"2020-04-27T09:47:43.068Z"}
{"message":"   404: Task with id 7de5237d-72d0-4ac9-9b6b-8e7222a5dabf and boardId 74197bcc-63e6-480d-a85e-7ed533492234 is not found","level":"error","timestamp":"2020-04-27T09:47:43.120Z"}
{"message":"   404: Task with id 861f751b-e46b-4d13-8b95-b0330a681c43 and boardId 74197bcc-63e6-480d-a85e-7ed533492234 is not found","level":"error","timestamp":"2020-04-27T09:47:43.159Z"}
{"message":"   401: Failed to authenticate","level":"error","timestamp":"2020-04-27T09:49:49.363Z"}
{"message":"   401: Failed to authenticate","level":"error","timestamp":"2020-04-27T09:49:49.379Z"}
{"message":"   401: Failed to authenticate","level":"error","timestamp":"2020-04-27T09:49:49.383Z"}
{"message":"   401: Failed to authenticate","level":"error","timestamp":"2020-04-27T09:49:49.387Z"}
{"message":"   401: Failed to authenticate","level":"error","timestamp":"2020-04-27T09:49:49.391Z"}
{"message":"   401: Failed to authenticate","level":"error","timestamp":"2020-04-27T09:49:49.437Z"}
{"message":"   401: Failed to authenticate","level":"error","timestamp":"2020-04-27T09:49:49.448Z"}
{"message":"   401: Failed to authenticate","level":"error","timestamp":"2020-04-27T09:49:49.451Z"}
{"message":"   401: Failed to authenticate","level":"error","timestamp":"2020-04-27T09:49:49.453Z"}
{"message":"   401: Failed to authenticate","level":"error","timestamp":"2020-04-27T09:49:49.456Z"}
{"message":"   401: Failed to authenticate","level":"error","timestamp":"2020-04-27T09:49:49.460Z"}
{"message":"   401: Failed to authenticate","level":"error","timestamp":"2020-04-27T09:49:49.473Z"}
{"message":"   401: Failed to authenticate","level":"error","timestamp":"2020-04-27T09:49:49.477Z"}
{"message":"   401: Failed to authenticate","level":"error","timestamp":"2020-04-27T09:49:49.480Z"}
{"message":"   401: Failed to authenticate","level":"error","timestamp":"2020-04-27T09:49:49.482Z"}
{"message":"   404: Task with id 42f9e08f-5ddf-4a87-9642-50767d3c7375 and boardId 801d21b0-751b-4a82-838b-37eed0b308d3 is not found","level":"error","timestamp":"2020-04-27T09:49:50.749Z"}
{"message":"   404: Board with id '0a715c56-7521-4c3a-9380-9ce6eafe3632' not found","level":"error","timestamp":"2020-04-27T09:49:51.086Z"}
{"message":"   404: Task with id 79c2e3b5-562d-4502-afac-f309ec1b806c and boardId 105f4206-ce80-4224-aba9-6b6a95b33d8e is not found","level":"error","timestamp":"2020-04-27T09:49:51.821Z"}
{"message":"   404: Task with id 696f89a8-05d7-4fe8-bd23-747d880fb6d3 and boardId 105f4206-ce80-4224-aba9-6b6a95b33d8e is not found","level":"error","timestamp":"2020-04-27T09:49:51.838Z"}
{"message":"   404: Task with id 72d468d7-a355-4319-81e3-a8aa2013f25f and boardId 105f4206-ce80-4224-aba9-6b6a95b33d8e is not found","level":"error","timestamp":"2020-04-27T09:49:51.864Z"}
{"message":"   404: Task with id b32117fc-2512-4205-86a8-2aac19e74a99 and boardId 105f4206-ce80-4224-aba9-6b6a95b33d8e is not found","level":"error","timestamp":"2020-04-27T09:49:51.887Z"}
{"message":"   404: Task with id b3f5cdc8-b992-487b-8c1d-d48cfee9ce4b and boardId 105f4206-ce80-4224-aba9-6b6a95b33d8e is not found","level":"error","timestamp":"2020-04-27T09:49:51.889Z"}
{"message":"   401: Failed to authenticate","level":"error","timestamp":"2020-05-07T20:01:34.478Z"}
{"message":"   401: Failed to authenticate","level":"error","timestamp":"2020-05-07T20:01:34.486Z"}
{"message":"   401: Failed to authenticate","level":"error","timestamp":"2020-05-07T20:01:34.488Z"}
{"message":"   401: Failed to authenticate","level":"error","timestamp":"2020-05-07T20:01:34.498Z"}
{"message":"   401: Failed to authenticate","level":"error","timestamp":"2020-05-07T20:01:34.500Z"}
{"message":"   401: Failed to authenticate","level":"error","timestamp":"2020-05-07T20:01:34.624Z"}
{"message":"   401: Failed to authenticate","level":"error","timestamp":"2020-05-07T20:01:34.628Z"}
{"message":"   401: Failed to authenticate","level":"error","timestamp":"2020-05-07T20:01:34.630Z"}
{"message":"   401: Failed to authenticate","level":"error","timestamp":"2020-05-07T20:01:34.644Z"}
{"message":"   401: Failed to authenticate","level":"error","timestamp":"2020-05-07T20:01:34.646Z"}
{"message":"   401: Failed to authenticate","level":"error","timestamp":"2020-05-07T20:01:34.648Z"}
{"message":"   401: Failed to authenticate","level":"error","timestamp":"2020-05-07T20:01:34.650Z"}
{"message":"   401: Failed to authenticate","level":"error","timestamp":"2020-05-07T20:01:34.652Z"}
{"message":"   401: Failed to authenticate","level":"error","timestamp":"2020-05-07T20:01:34.654Z"}
{"message":"   401: Failed to authenticate","level":"error","timestamp":"2020-05-07T20:01:34.656Z"}
{"message":"   404: Board with id '518bdde8-5058-40cc-9435-d222ac317fb1' not found","level":"error","timestamp":"2020-05-07T20:01:36.084Z"}
{"message":"   404: Task with id 712e6c68-e94d-4119-a4fa-44721dc43277 and boardId bcd46c85-e46a-42cc-995f-54f3d37af296 is not found","level":"error","timestamp":"2020-05-07T20:01:36.352Z"}
{"message":"   404: Task with id abe5d287-031a-4f23-ac9f-e81ba936f2d5 and boardId 078de9b2-3fda-4f87-9c65-8aa51ae771a5 is not found","level":"error","timestamp":"2020-05-07T20:01:36.818Z"}
{"message":"   404: Task with id f9fae3fd-b3f1-4fce-a1de-ce870340dbde and boardId 078de9b2-3fda-4f87-9c65-8aa51ae771a5 is not found","level":"error","timestamp":"2020-05-07T20:01:36.827Z"}
{"message":"   404: Task with id c87ce3e9-5632-4d16-b6cd-99bf852adccf and boardId 078de9b2-3fda-4f87-9c65-8aa51ae771a5 is not found","level":"error","timestamp":"2020-05-07T20:01:36.834Z"}
{"message":"   404: Task with id 22b69190-0226-4cd5-8cdb-1eacfa0a4869 and boardId 078de9b2-3fda-4f87-9c65-8aa51ae771a5 is not found","level":"error","timestamp":"2020-05-07T20:01:36.855Z"}
{"message":"   404: Task with id 71485c18-2598-46b7-b3ad-8d2fc2102382 and boardId 078de9b2-3fda-4f87-9c65-8aa51ae771a5 is not found","level":"error","timestamp":"2020-05-07T20:01:36.869Z"}
{"message":"   401: Failed to authenticate","level":"error","timestamp":"2020-05-07T20:06:30.843Z"}
{"message":"   401: Failed to authenticate","level":"error","timestamp":"2020-05-07T20:06:30.862Z"}
{"message":"   401: Failed to authenticate","level":"error","timestamp":"2020-05-07T20:06:30.883Z"}
{"message":"   401: Failed to authenticate","level":"error","timestamp":"2020-05-07T20:06:30.888Z"}
{"message":"   401: Failed to authenticate","level":"error","timestamp":"2020-05-07T20:06:30.892Z"}
{"message":"   401: Failed to authenticate","level":"error","timestamp":"2020-05-07T20:06:30.934Z"}
{"message":"   401: Failed to authenticate","level":"error","timestamp":"2020-05-07T20:06:30.948Z"}
{"message":"   401: Failed to authenticate","level":"error","timestamp":"2020-05-07T20:06:30.952Z"}
{"message":"   401: Failed to authenticate","level":"error","timestamp":"2020-05-07T20:06:30.954Z"}
{"message":"   401: Failed to authenticate","level":"error","timestamp":"2020-05-07T20:06:30.957Z"}
{"message":"   401: Failed to authenticate","level":"error","timestamp":"2020-05-07T20:06:30.960Z"}
{"message":"   401: Failed to authenticate","level":"error","timestamp":"2020-05-07T20:06:30.962Z"}
{"message":"   401: Failed to authenticate","level":"error","timestamp":"2020-05-07T20:06:30.966Z"}
{"message":"   401: Failed to authenticate","level":"error","timestamp":"2020-05-07T20:06:30.969Z"}
{"message":"   401: Failed to authenticate","level":"error","timestamp":"2020-05-07T20:06:30.971Z"}
{"message":"   404: Task with id d942c912-6187-4d8f-8e35-0dd9ec2106dd and boardId 25c8d463-97bf-481a-857c-b0db086cef1f is not found","level":"error","timestamp":"2020-05-07T20:06:32.262Z"}
{"message":"   404: Board with id '25dd6ffa-1c9d-473c-8077-4b442ebfcce7' not found","level":"error","timestamp":"2020-05-07T20:06:32.384Z"}
{"message":"   404: Task with id 10e84d59-a635-4bf8-b836-5285a1a74185 and boardId 79272afe-2ea8-4ef2-bd46-d72cea2bf1a1 is not found","level":"error","timestamp":"2020-05-07T20:06:33.071Z"}
{"message":"   404: Task with id 7345924a-a980-4ff3-8c7b-efa09de93ce5 and boardId 79272afe-2ea8-4ef2-bd46-d72cea2bf1a1 is not found","level":"error","timestamp":"2020-05-07T20:06:33.078Z"}
{"message":"   404: Task with id f7389db9-dfbe-4754-8c0f-3e0b3b37848b and boardId 79272afe-2ea8-4ef2-bd46-d72cea2bf1a1 is not found","level":"error","timestamp":"2020-05-07T20:06:33.083Z"}
{"message":"   404: Task with id bd89c726-4245-44bf-97e9-becd45847205 and boardId 79272afe-2ea8-4ef2-bd46-d72cea2bf1a1 is not found","level":"error","timestamp":"2020-05-07T20:06:33.086Z"}
{"message":"   404: Task with id 0cf28b4d-eb73-477b-8e60-09845a0ca9ff and boardId 79272afe-2ea8-4ef2-bd46-d72cea2bf1a1 is not found","level":"error","timestamp":"2020-05-07T20:06:33.117Z"}
